WARNING:root:url:http://finance.youth.cn/finance_cyxfgsxw/./201712/t20171225_1120002_15.htm return 404
WARNING:root:url:http://finance.youth.cn/finance_money/../finance_jsxw/201709/t20170930_1081184_18.htm return 404
WARNING:root:url:http://finance.youth.cn/finance_money/../finance_jsxw/201709/t20170930_1081184_28.htm return 404
WARNING:root:url:http://finance.youth.cn/finance_money/../finance_jsxw/201709/t20170930_1081184_38.htm return 404
WARNING:root:url:http://finance.youth.cn/finance_money/../finance_jsxw/201709/t20170930_1081184_48.htm return 404
WARNING:root:url:http://finance.youth.cn/finance_money/../finance_jsxw/201709/t20170930_1081184_58.htm return 404
WARNING:root:url:http://finance.youth.cn/finance_money/../finance_jsxw/201709/t20170930_1081184_68.htm return 404
WARNING:root:url:http://finance.youth.cn/finance_money/../finance_jsxw/201709/t20170930_1081184_78.htm return 404
WARNING:root:url:http://finance.youth.cn/finance_food/./201711/t20171127_1107071_16.htm return 404
WARNING:root:url:http://finance.youth.cn/finance_food/./201710/t20171025_1091829_15.htm return 404
WARNING:root:url:http://finance.youth.cn/finance_cyxfgsxw/./201712/t20171225_1120053_15.htm return 404
WARNING:root:url:http://finance.youth.cn/finance_cyxfgsxw/./201712/t20171225_1120058_15.htm return 404
WARNING:root:url:http://finance.youth.cn/finance_cyxfgsxw/./201712/t20171225_1120059_10.htm return 404
WARNING:root:url:http://finance.youth.cn/finance_cyxfgsxw/./201712/t20171225_1120042_15.htm return 404
WARNING:root:url:http://finance.youth.cn/finance_house/../finance_jsxw/201710/t20171017_1088063_13.htm return 404
WARNING:root:url:http://finance.youth.cn/finance_house/../finance_jsxw/201710/t20171017_1088063_23.htm return 404
WARNING:root:url:http://finance.youth.cn/finance_house/../finance_jsxw/201710/t20171017_1088063_33.htm return 404
WARNING:root:url:http://finance.youth.cn/finance_djgj/../finance_gdxw/201711/t20171109_1098657_11.htm return 404
WARNING:root:url:http://finance.youth.cn/right/201709/t20170914_1071104_13.htm return 404
WARNING:root:url:http://finance.youth.cn/right/201709/t20170914_1071104_23.htm return 404
WARNING:root:url:http://finance.youth.cn/right/201709/t20170914_1071111_14.htm return 404
WARNING:root:url:http://finance.youth.cn/right/201709/t20170914_1071111_24.htm return 404
WARNING:root:url:http://finance.youth.cn/right/201709/t20170914_1071111_34.htm return 404
WARNING:root:url:http://finance.youth.cn/right/201709/t20170914_1071111_44.htm return 404
WARNING:root:url:http://finance.youth.cn/right/201709/t20170914_1071111_54.htm return 404
WARNING:root:url:http://finance.youth.cn/right/201709/t20170914_1071111_64.htm return 404
WARNING:root:url:http://finance.youth.cn/right/201709/t20170914_1071111_74.htm return 404
WARNING:root:url:http://finance.youth.cn/finance_cyxfgsxw/./201712/t20171226_1120423_13.htm return 404
